============================================================
Time  2017/08/30 16:26:04 946 
============================================================
[2017/08/30 16:26:04 946] lgi        641  SYS_MSG_LOAD  
[2017/08/30 16:26:04 948] lgi        663  SYS_MSG_REGCB  msp_status_cb  func(54015e00) 
[2017/08/30 16:26:04 948] lgi        292  LGI_MSG_INIT  
[2017/08/30 16:26:04 948] lgi        299  lgi  lgi_  268436457  1495166055  
[2017/08/30 16:26:04 948] lgi        332  lgi params:  appid = 599d2770, work_dir = .  
[2017/08/30 16:26:04 948] lgi        346  auth_time_str=  2017/08/30 16:26:04  
[2017/08/30 16:26:04 948] lgi        352  auth_appid=  599d2770  
[2017/08/30 16:26:04 948] lgi        363  token:  nil  
[2017/08/30 16:26:04 948] lgi        433  msc cver : 5.0.33.1158  
[2017/08/30 16:26:04 948] lgi        476  ns_enable=  1  
[2017/08/30 16:26:04 948] lgi        488  prot_ver=1  
[2017/08/30 16:26:04 948] lgi        499  prot_type=tcp  
[2017/08/30 16:26:04 948] lgi        650  SYS_MSG_UNLOAD  go bg!  
[2017/08/30 16:26:14 625] lgi        654  SYS_MSG_SHUTDOWN  
============================================================
Time  2017/08/30 16:26:15 964 
============================================================
[2017/08/30 16:26:15 964] lgi        641  SYS_MSG_LOAD  
[2017/08/30 16:26:15 965] lgi        663  SYS_MSG_REGCB  msp_status_cb  func(c4015e20) 
[2017/08/30 16:26:15 966] lgi        292  LGI_MSG_INIT  
[2017/08/30 16:26:15 966] lgi        299  lgi  lgi_  268436457  1495166055  
[2017/08/30 16:26:15 966] lgi        332  lgi params:  appid = 599d2770, work_dir = .  
[2017/08/30 16:26:15 966] lgi        346  auth_time_str=  2017/08/30 16:26:15  
[2017/08/30 16:26:15 966] lgi        352  auth_appid=  599d2770  
[2017/08/30 16:26:15 966] lgi        363  token:  nil  
[2017/08/30 16:26:15 966] lgi        433  msc cver : 5.0.33.1158  
[2017/08/30 16:26:15 966] lgi        476  ns_enable=  1  
[2017/08/30 16:26:15 966] lgi        488  prot_ver=1  
[2017/08/30 16:26:15 966] lgi        499  prot_type=tcp  
[2017/08/30 16:26:15 966] lgi        650  SYS_MSG_UNLOAD  go bg!  
[2017/08/30 16:26:23 247] lgi        654  SYS_MSG_SHUTDOWN  
============================================================
Time  2017/09/04 15:17:06 638 
============================================================
[2017/09/04 15:17:06 638] lgi        641  SYS_MSG_LOAD  
[2017/09/04 15:17:06 644] lgi        663  SYS_MSG_REGCB  msp_status_cb  func(f8013510) 
[2017/09/04 15:17:06 644] lgi        292  LGI_MSG_INIT  
[2017/09/04 15:17:06 645] lgi        299  lgi  lgi_  268436457  1495166055  
[2017/09/04 15:17:06 645] lgi        332  lgi params:  appid = 599d2770, work_dir = .  
[2017/09/04 15:17:06 645] lgi        346  auth_time_str=  2017/09/04 15:17:06  
[2017/09/04 15:17:06 645] lgi        352  auth_appid=  599d2770  
[2017/09/04 15:17:06 645] lgi        363  token:  nil  
[2017/09/04 15:17:06 645] lgi        433  msc cver : 5.0.33.1158  
[2017/09/04 15:17:06 645] lgi        476  ns_enable=  1  
[2017/09/04 15:17:06 645] lgi        488  prot_ver=1  
[2017/09/04 15:17:06 645] lgi        499  prot_type=tcp  
[2017/09/04 15:17:06 645] lgi        650  SYS_MSG_UNLOAD  go bg!  
[2017/09/04 15:17:13 722] lgi        654  SYS_MSG_SHUTDOWN  
============================================================
Time  2017/09/04 15:20:56 585 
============================================================
[2017/09/04 15:20:56 585] lgi        641  SYS_MSG_LOAD  
[2017/09/04 15:20:56 586] lgi        663  SYS_MSG_REGCB  msp_status_cb  func(8013530) 
[2017/09/04 15:20:56 586] lgi        292  LGI_MSG_INIT  
[2017/09/04 15:20:56 586] lgi        299  lgi  lgi_  268436457  1495166055  
[2017/09/04 15:20:56 587] lgi        332  lgi params:  appid = 599d2770, work_dir = .  
[2017/09/04 15:20:56 587] lgi        346  auth_time_str=  2017/09/04 15:20:56  
[2017/09/04 15:20:56 587] lgi        352  auth_appid=  599d2770  
[2017/09/04 15:20:56 587] lgi        363  token:  nil  
[2017/09/04 15:20:56 587] lgi        433  msc cver : 5.0.33.1158  
[2017/09/04 15:20:56 587] lgi        476  ns_enable=  1  
[2017/09/04 15:20:56 587] lgi        488  prot_ver=1  
[2017/09/04 15:20:56 587] lgi        499  prot_type=tcp  
[2017/09/04 15:20:56 587] lgi        650  SYS_MSG_UNLOAD  go bg!  
[2017/09/04 15:20:58 703] lgi        654  SYS_MSG_SHUTDOWN  
============================================================
Time  2017/09/04 15:21:53 941 
============================================================
[2017/09/04 15:21:53 941] lgi        641  SYS_MSG_LOAD  
[2017/09/04 15:21:53 942] lgi        663  SYS_MSG_REGCB  msp_status_cb  func(18015e20) 
[2017/09/04 15:21:53 942] lgi        292  LGI_MSG_INIT  
[2017/09/04 15:21:53 943] lgi        299  lgi  lgi_  268436457  1495166055  
[2017/09/04 15:21:53 943] lgi        332  lgi params:  appid = 599d2770, work_dir = .  
[2017/09/04 15:21:53 943] lgi        346  auth_time_str=  2017/09/04 15:21:53  
[2017/09/04 15:21:53 943] lgi        352  auth_appid=  599d2770  
[2017/09/04 15:21:53 943] lgi        363  token:  nil  
[2017/09/04 15:21:53 943] lgi        433  msc cver : 5.0.33.1158  
[2017/09/04 15:21:53 943] lgi        476  ns_enable=  1  
[2017/09/04 15:21:53 943] lgi        488  prot_ver=1  
[2017/09/04 15:21:53 943] lgi        499  prot_type=tcp  
[2017/09/04 15:21:53 943] lgi        650  SYS_MSG_UNLOAD  go bg!  
[2017/09/04 15:21:58 057] lgi        654  SYS_MSG_SHUTDOWN  
